MPASM  5.51                          PROY.ASM   12-27-2015  23:48:41         PAGE  1


LOC  OBJECT CODE     LINE SOURCE TEXT
  VALUE

                      00001 ;*******************HEADER******************************************
                      00002 ;*******************************************************************
                      00003 
                      00004         LIST            p=16F887                        
                      00005         INCLUDE         P16F887.INC             
                      00001         LIST
                      00002 
                      00003 ;==========================================================================
                      00004 ;  MPASM PIC16F887 processor include
                      00005 ; 
                      00006 ;  (c) Copyright 1999-2013 Microchip Technology, All rights reserved
                      00007 ;==========================================================================
                      00008 
                      00809         LIST
2007   3FF1           00006         __CONFIG _CONFIG1, _CP_OFF&_WDT_OFF&_XT_OSC     
                      00007         errorlevel       -302   
                      00008 ;****************************************************
                      00009 ; bloque de variables
                      00010 ;*****************************************************                 
                      00011 
Warning[205]: Found directive in column 1. (cblock)
                      00012 cblock 0x20
  00000020            00013         counter1
  00000021            00014         counter2
  00000022            00015         counter3
  00000023            00016         num_msj
                      00017         
  00000024            00018         unidades        
  00000025            00019         uni_cod         
  00000026            00020         decenas 
  00000027            00021         dec_cod         
  00000028            00022         sel             
                      00023 
Warning[205]: Found directive in column 1. (ENDC)
                      00024 endc
                      00025 ;************************START OF PROGRAM ***********************
                      00026 ; forma de iniciar programa que usa interrupciones
                      00027 ;****************************************************************
                      00028 
0000                  00029        Org      0x00            ; vector de reset
0000   2805           00030        Goto     main            ; salto a label "main"
0004                  00031        Org      0x04            ; vector de interrupción  
0004   2858           00032        Goto     inter           ; salto a interrupción
0005                  00033        org      0x05            ; continuación de programa
                      00034 
                      00035 
                      00036 ;************************ MAIN PROGRAM *************************
                      00037 ; inicio de programa principal
                      00038 ;***************************************************************
                      00039 ;SETEO DE PUERTOS Y REGISTROS           
0005                  00040 main  
0005   1683 1703      00041         banksel ANSEL           ;Bank containing register ANSEL
0007   0188           00042         clrf            ANSEL           ;Clears registers ANSEL and ANSELH
MPASM  5.51                          PROY.ASM   12-27-2015  23:48:41         PAGE  2


LOC  OBJECT CODE     LINE SOURCE TEXT
  VALUE

0008   0189           00043         clrf            ANSELH          ;All pins are digital
                      00044 
0009   1683 1303      00045         banksel TRISC   ;Selects bank containing register TRISB
000B   30FF           00046         movlw b'11111111'
000C   0087           00047         movwf           TRISC   ;All port C pins are configured as outputs
000D   0188           00048         clrf            TRISD   ;All port D pins are configured as outputs
000E   1683 1303      00049         banksel TRISA
0010   0185           00050         clrf            TRISA
0011   1406           00051         bsf             TRISB,0 ;PORTB,0 configurado como entrada
0012   1683 1303      00052     banksel TRISE
0014   0189           00053         clrf            TRISE
                      00054                      
                      00055    
0015   1683 1303      00056         banksel OPTION_REG      ; Bank containing register OPTION_REG
0017   3007           00057         movlw           b'00000111'     ;carga divisor con 255, se lo aplica a 
                      00058 ;TMR0
                      00059                                         ;PSA =0 (BIT 3); se aplica el divisor 
                      00060 ;al TMR0
                      00061                                         ;TOCS=0 (BIT 5); TMR0 origen de pulsos 
                      00062 ;Fosc/4
0018   0081           00063         movwf           OPTION_REG
                      00064 
0019   30B0           00065         movlw           b'10110000'     ;habilita interrupción por Timer 0 y Global
                      00066                                 ;GIE=1 (BIT 7); habilita interrupciones 
                      00067 ;globales
                      00068 ;TMR0IE=1 (BIT 5); habilita interrupciones por 
                      00069 ;TMR0
                      00070                             ;INTE=1 (BIT 4); habilita interrupciones por RB0  
001A   008B           00071         movwf           INTCON
                      00072         
001B   01A0           00073         clrf            counter1; variable de conteo de mensajes
                      00074         
001C   1283 1303      00075         banksel         PORTC           ; Bank containing register PORTC
001E   0187           00076         clrf            PORTC           ; Clears Port C
001F   0188           00077         clrf            PORTD           ; Clears Port D
0020   0185           00078         clrf            PORTA
Message[305]: Using default destination of 1 (file).
0021   0A88           00079         incf            PORTD
0022   1409           00080         bsf PORTE,0
0023   01A3           00081         clrf num_msj
0024   01A4           00082         clrf unidades
0025   01A6           00083         clrf decenas
0026   01A5           00084         clrf uni_cod
0027   01A7           00085         clrf dec_cod
0028   01A8           00086         clrf sel
                      00087         
                      00088 ;PROGRAMACION DEL TMR0
                      00089         ;banksel                OPTION_REG      ;Selecciona el Bank1
                      00090         ;movlw          b'00000111'     ;TMR0 como temporizador
                      00091         ;movwf          OPTION_REG      ;con preescaler de 256 
0029   1283 1303      00092         BANKSEL TMR0            ;Selecciona el Bank0
002B   30D9           00093         movlw           .217            ;Valor decimal 217      
002C   0081           00094         movwf           TMR0            ;Carga el TMR0 con 217
MPASM  5.51                          PROY.ASM   12-27-2015  23:48:41         PAGE  3


LOC  OBJECT CODE     LINE SOURCE TEXT
  VALUE

002D                  00095 loop
002D   0000           00096                 nop
002E   282D           00097         goto    loop            ; Permanece en el lazo
                      00098 
002F                  00099 binario_a_s_segmentos   ; Tabla para display de 7 segmentos.
002F   0782           00100         addwf   PCL,F   
                      00101             ;'-gfedcba'         segmentos
0030   343F           00102         retlw   b'00111111'                     ; El código 7 segmentos para el "0".
0031   3406           00103         retlw   b'00000110'                     ; El código 7 segmentos para el "1".
0032   345B           00104         retlw   b'01011011'                     ; El código 7 segmentos para el "2".
0033   344F           00105         retlw   b'01001111'                     ; El código 7 segmentos para el "3".
0034   3466           00106         retlw   b'01100110'                     ; El código 7 segmentos para el "4".
0035   346D           00107         retlw   b'01101101'                     ; El código 7 segmentos para el "5".
0036   347D           00108         retlw   b'01111101'                     ; El código 7 segmentos para el "6".
0037   3407           00109         retlw   b'00000111'                     ; El código 7 segmentos para el "7".
0038   347F           00110         retlw   b'01111111'                     ; El código 7 segmentos para el "8".
0039   3467           00111         retlw   b'01100111'                     ; El código 7 segmentos para el "9".
003A   3477           00112         retlw   b'01110111'                     ; El código 7 segmentos para el "A".
003B   347C           00113         retlw   b'01111100'                     ; El código 7 segmentos para el "B".
003C   3439           00114         retlw   b'00111001'                     ; El código 7 segmentos para el "C".
003D   345E           00115         retlw   b'01011110'                     ; El código 7 segmentos para el "D".
003E   3479           00116         retlw   b'01111001'                     ; El código 7 segmentos para el "E".
003F   3471           00117         retlw   b'01110001'                     ; El código 7 segmentos para el "F".
                      00118 
                      00119 ;************************ INTERRUPT ROUTINE **********************
                      00120 ; Inicio de rutina de interrupción llamado desde org 0x04
                      00121 ;*******************************************************************
0040                  00122 encripta_x_16
0040   0807           00123         movfw PORTC     
0041   00A1           00124         movwf counter2
0042   1003           00125         bcf STATUS, C
0043   0DA1           00126         rlf counter2,1
0044   1003           00127         bcf STATUS, C
0045   0DA1           00128         rlf counter2,1 
0046   1003           00129         bcf STATUS, C
0047   0DA1           00130         rlf counter2,1
0048   0821           00131         movfw counter2
0049   0008           00132         return
004A                  00133 encripta_x_4
004A   0807           00134         movfw PORTC     
004B   00A1           00135         movwf counter2
004C   1003           00136         bcf STATUS, C
004D   0DA1           00137         rlf counter2,1
004E   1003           00138         bcf STATUS, C
004F   0DA1           00139         rlf counter2,1 
0050   0821           00140         movfw counter2
0051   0008           00141         return
                      00142 
0052                  00143 encripta_x_2
0052   0807           00144         movfw PORTC     
0053   00A1           00145         movwf counter2
0054   1003           00146         bcf STATUS, C
0055   0DA1           00147         rlf counter2,1
MPASM  5.51                          PROY.ASM   12-27-2015  23:48:41         PAGE  4


LOC  OBJECT CODE     LINE SOURCE TEXT
  VALUE

0056   0821           00148         movfw counter2
0057   0008           00149         return
                      00150 
                      00151 
0058                  00152 inter
                      00153         ;movlw          .20
                      00154         ;movwf          counter3
0058   1D0B           00155         btfss           INTCON,TMR0IF
0059   2874           00156         goto            externo
                      00157                 ;;;;;;; *****
005A   0828           00158         movf    sel,w           ;Se mueve a si mismo para afectar bandera
005B   1D03           00159         btfss   STATUS,2        ;sel=0 refresca dig1; sel=1 refresca dig2
005C   2867           00160         goto    dig2
005D                  00161 dig1            
005D   0824           00162         movf    unidades,w  
005E   202F           00163         call    binario_a_s_segmentos
005F   00A5           00164         movwf   uni_cod
0060   0825           00165         movf    uni_cod,w
0061   1405           00166         bsf     PORTA,0
0062   1485           00167         bsf     PORTA,1
0063   0088           00168         movwf   PORTD
0064   1005           00169         bcf     PORTA,0
0065   09A8           00170         comf    sel,f
0066   2870           00171         goto    dec
0067                  00172 dig2    
0067   0826           00173         movf    decenas,w  
0068   202F           00174         call            binario_a_s_segmentos
0069   00A7           00175         movwf   dec_cod
006A   0827           00176         movf    dec_cod,w
006B   1405           00177         bsf     PORTA,0
006C   1485           00178         bsf     PORTA,1
006D   0088           00179         movwf   PORTD
006E   1085           00180         bcf     PORTA,1
006F   09A8           00181         comf    sel,f   
                      00182         ;;;;;
0070                  00183 dec
                      00184         
                      00185  ; incf         PORTC           ; Increments register PORTC by 1
0070   110B           00186   bcf           INTCON,TMR0IF   ; Clears interrupt flag TMR0IF
0071   30D8           00187         movlw   ~.39
0072   0081           00188         movwf   TMR0                    ;Repone el TMR0 con ~.39
0073   2882           00189         goto    Seguir
                      00190 
0074                  00191 externo
0074   0807           00192         movfw   PORTC
                      00193         ;aqui falta la funcion de encriptacion
                      00194         ;call encripta_x_4
                      00195         ;incf num_msj
                      00196         ;movfw num_msj
                      00197         ;call binario_a_s_segmentos
                      00198         ;bsf PORTA,0
                      00199         ;bcf PORTA,1
                      00200         
MPASM  5.51                          PROY.ASM   12-27-2015  23:48:41         PAGE  5


LOC  OBJECT CODE     LINE SOURCE TEXT
  VALUE

                      00201         ;movwf   PORTD
                      00202         ;;;;;incrementa el numero de mensajes;;;;;;
0075   0AA4           00203         INCF    unidades,f              ;Ahora sí 10x100=1000ms=1seg
0076   300A           00204         movlw   .10
0077   0224           00205         subwf   unidades,w
0078   1D03           00206         btfss   STATUS,2
0079   2881           00207         goto    cont
007A   01A4           00208         clrf    unidades
Message[305]: Using default destination of 1 (file).
007B   0AA6           00209         incf    decenas
007C   300A           00210         movlw   .10
007D   0226           00211         subwf   decenas,w
007E   1D03           00212         btfss   STATUS,2
007F   2881           00213         goto    cont
0080   01A6           00214         clrf    decenas
                      00215         ;;;;incrementa el numero de mensajes
0081                  00216 cont
0081   108B           00217         bcf             INTCON,INTF 
                      00218 
                      00219 
0082                  00220 Seguir
0082   0009           00221     retfie                              ; Return from interrupt routine         
                      00222 ;*******************************************************************
                      00223 ; IMPORTANTE: rutina de interrupción termina en retfie
                      00224 ;*******************************************************************
                      00225 ;************************ SUBROUTINES ******************************
                      00226 
                      00227 ;*******************************************************************
                      00228        End                              ; Fin de programa
MPASM  5.51                          PROY.ASM   12-27-2015  23:48:41         PAGE  6


SYMBOL TABLE
  LABEL                             VALUE 

ABDEN                             00000000
ABDOVF                            00000007
ACKDT                             00000005
ACKEN                             00000004
ACKSTAT                           00000006
ADCON0                            0000001F
ADCON1                            0000009F
ADCS0                             00000006
ADCS1                             00000007
ADDEN                             00000003
ADFM                              00000007
ADIE                              00000006
ADIF                              00000006
ADON                              00000000
ADRESH                            0000001E
ADRESL                            0000009E
ANS0                              00000000
ANS1                              00000001
ANS10                             00000002
ANS11                             00000003
ANS12                             00000004
ANS13                             00000005
ANS2                              00000002
ANS3                              00000003
ANS4                              00000004
ANS5                              00000005
ANS6                              00000006
ANS7                              00000007
ANS8                              00000000
ANS9                              00000001
ANSEL                             00000188
ANSELH                            00000189
BAUDCTL                           00000187
BCLIE                             00000003
BCLIF                             00000003
BF                                00000000
BRG0                              00000000
BRG1                              00000001
BRG10                             00000002
BRG11                             00000003
BRG12                             00000004
BRG13                             00000005
BRG14                             00000006
BRG15                             00000007
BRG16                             00000003
BRG2                              00000002
BRG3                              00000003
BRG4                              00000004
BRG5                              00000005
BRG6                              00000006
BRG7                              00000007
BRG8                              00000000
BRG9                              00000001
MPASM  5.51                          PROY.ASM   12-27-2015  23:48:41         PAGE  7


SYMBOL TABLE
  LABEL                             VALUE 

BRGH                              00000002
C                                 00000000
C1CH0                             00000000
C1CH1                             00000001
C1IE                              00000005
C1IF                              00000005
C1OE                              00000005
C1ON                              00000007
C1OUT                             00000006
C1POL                             00000004
C1R                               00000002
C1RSEL                            00000005
C1SEN                             00000005
C2CH0                             00000000
C2CH1                             00000001
C2IE                              00000006
C2IF                              00000006
C2OE                              00000005
C2ON                              00000007
C2OUT                             00000006
C2POL                             00000004
C2R                               00000002
C2REN                             00000004
C2RSEL                            00000004
C2SYNC                            00000000
CCP1CON                           00000017
CCP1IE                            00000002
CCP1IF                            00000002
CCP1M0                            00000000
CCP1M1                            00000001
CCP1M2                            00000002
CCP1M3                            00000003
CCP1X                             00000005
CCP1Y                             00000004
CCP2CON                           0000001D
CCP2IE                            00000000
CCP2IF                            00000000
CCP2M0                            00000000
CCP2M1                            00000001
CCP2M2                            00000002
CCP2M3                            00000003
CCP2X                             00000005
CCP2Y                             00000004
CCPR1                             00000015
CCPR1H                            00000016
CCPR1L                            00000015
CCPR2                             0000001B
CCPR2H                            0000001C
CCPR2L                            0000001B
CHS0                              00000002
CHS1                              00000003
CHS2                              00000004
CHS3                              00000005
MPASM  5.51                          PROY.ASM   12-27-2015  23:48:41         PAGE  8


SYMBOL TABLE
  LABEL                             VALUE 

CKE                               00000006
CKP                               00000004
CM1CON0                           00000107
CM2CON0                           00000108
CM2CON1                           00000109
CREN                              00000004
CSRC                              00000007
D                                 00000005
DATA_ADDRESS                      00000005
DC                                00000001
DC1B0                             00000004
DC1B1                             00000005
DC2B0                             00000004
DC2B1                             00000005
D_A                               00000005
D_NOT_A                           00000005
ECCPAS                            0000009C
ECCPAS0                           00000004
ECCPAS1                           00000005
ECCPAS2                           00000006
ECCPASE                           00000007
EEADR                             0000010D
EEADRH                            0000010F
EECON1                            0000018C
EECON2                            0000018D
EEDAT                             0000010C
EEDATA                            0000010C
EEDATH                            0000010E
EEIE                              00000004
EEIF                              00000004
EEPGD                             00000007
F                                 00000001
FERR                              00000002
FSR                               00000004
FVREN                             00000000
GCEN                              00000007
GIE                               00000007
GO                                00000001
GO_DONE                           00000001
GO_NOT_DONE                       00000001
HTS                               00000002
I2C_DATA                          00000005
I2C_READ                          00000002
I2C_START                         00000003
I2C_STOP                          00000004
INDF                              00000000
INTCON                            0000000B
INTE                              00000004
INTEDG                            00000006
INTF                              00000001
IOCB                              00000096
IOCB0                             00000000
IOCB1                             00000001
MPASM  5.51                          PROY.ASM   12-27-2015  23:48:41         PAGE  9


SYMBOL TABLE
  LABEL                             VALUE 

IOCB2                             00000002
IOCB3                             00000003
IOCB4                             00000004
IOCB5                             00000005
IOCB6                             00000006
IOCB7                             00000007
IRCF0                             00000004
IRCF1                             00000005
IRCF2                             00000006
IRP                               00000007
LTS                               00000001
MC1OUT                            00000007
MC2OUT                            00000006
MSK                               00000093
MSK0                              00000000
MSK1                              00000001
MSK2                              00000002
MSK3                              00000003
MSK4                              00000004
MSK5                              00000005
MSK6                              00000006
MSK7                              00000007
NOT_A                             00000005
NOT_ADDRESS                       00000005
NOT_BO                            00000000
NOT_BOR                           00000000
NOT_DONE                          00000001
NOT_PD                            00000003
NOT_POR                           00000001
NOT_RBPU                          00000007
NOT_RC8                           00000006
NOT_T1SYNC                        00000002
NOT_TO                            00000004
NOT_TX8                           00000006
NOT_W                             00000002
NOT_WRITE                         00000002
OERR                              00000001
OPTION_REG                        00000081
OSCCON                            0000008F
OSCTUNE                           00000090
OSFIE                             00000007
OSFIF                             00000007
OSTS                              00000003
P                                 00000004
P1M0                              00000006
P1M1                              00000007
PCL                               00000002
PCLATH                            0000000A
PCON                              0000008E
PDC0                              00000000
PDC1                              00000001
PDC2                              00000002
PDC3                              00000003
MPASM  5.51                          PROY.ASM   12-27-2015  23:48:41         PAGE 10


SYMBOL TABLE
  LABEL                             VALUE 

PDC4                              00000004
PDC5                              00000005
PDC6                              00000006
PEIE                              00000006
PEN                               00000002
PIE1                              0000008C
PIE2                              0000008D
PIR1                              0000000C
PIR2                              0000000D
PORTA                             00000005
PORTB                             00000006
PORTC                             00000007
PORTD                             00000008
PORTE                             00000009
PR2                               00000092
PRSEN                             00000007
PS0                               00000000
PS1                               00000001
PS2                               00000002
PSA                               00000003
PSSAC0                            00000002
PSSAC1                            00000003
PSSBD0                            00000000
PSSBD1                            00000001
PSTRCON                           0000009D
PULSR                             00000002
PULSS                             00000003
PWM1CON                           0000009B
R                                 00000002
RA0                               00000000
RA1                               00000001
RA2                               00000002
RA3                               00000003
RA4                               00000004
RA5                               00000005
RA6                               00000006
RA7                               00000007
RB0                               00000000
RB1                               00000001
RB2                               00000002
RB3                               00000003
RB4                               00000004
RB5                               00000005
RB6                               00000006
RB7                               00000007
RBIE                              00000003
RBIF                              00000000
RC0                               00000000
RC1                               00000001
RC2                               00000002
RC3                               00000003
RC4                               00000004
RC5                               00000005
MPASM  5.51                          PROY.ASM   12-27-2015  23:48:41         PAGE 11


SYMBOL TABLE
  LABEL                             VALUE 

RC6                               00000006
RC7                               00000007
RC8_9                             00000006
RC9                               00000006
RCD8                              00000000
RCEN                              00000003
RCIDL                             00000006
RCIE                              00000005
RCIF                              00000005
RCREG                             0000001A
RCSTA                             00000018
RD                                00000000
RD0                               00000000
RD1                               00000001
RD2                               00000002
RD3                               00000003
RD4                               00000004
RD5                               00000005
RD6                               00000006
RD7                               00000007
RE0                               00000000
RE1                               00000001
RE2                               00000002
RE3                               00000003
READ_WRITE                        00000002
RP0                               00000005
RP1                               00000006
RSEN                              00000001
RX9                               00000006
RX9D                              00000000
R_NOT_W                           00000002
R_W                               00000002
S                                 00000003
SBOREN                            00000004
SCKP                              00000004
SCS                               00000000
SEN                               00000000
SENDB                             00000003
SMP                               00000007
SPBRG                             00000099
SPBRGH                            0000009A
SPEN                              00000007
SR0                               00000006
SR1                               00000007
SRCON                             00000185
SREN                              00000005
SSPADD                            00000093
SSPBUF                            00000013
SSPCON                            00000014
SSPCON2                           00000091
SSPEN                             00000005
SSPIE                             00000003
SSPIF                             00000003
MPASM  5.51                          PROY.ASM   12-27-2015  23:48:41         PAGE 12


SYMBOL TABLE
  LABEL                             VALUE 

SSPM0                             00000000
SSPM1                             00000001
SSPM2                             00000002
SSPM3                             00000003
SSPMSK                            00000093
SSPOV                             00000006
SSPSTAT                           00000094
STATUS                            00000003
STRA                              00000000
STRB                              00000001
STRC                              00000002
STRD                              00000003
STRSYNC                           00000004
SWDTEN                            00000000
SYNC                              00000004
Seguir                            00000082
T0CS                              00000005
T0IE                              00000005
T0IF                              00000002
T0SE                              00000004
T1CKPS0                           00000004
T1CKPS1                           00000005
T1CON                             00000010
T1GINV                            00000007
T1GIV                             00000007
T1GSS                             00000001
T1INSYNC                          00000002
T1OSCEN                           00000003
T1SYNC                            00000002
T2CKPS0                           00000000
T2CKPS1                           00000001
T2CON                             00000012
TMR0                              00000001
TMR0IE                            00000005
TMR0IF                            00000002
TMR1                              0000000E
TMR1CS                            00000001
TMR1GE                            00000006
TMR1H                             0000000F
TMR1IE                            00000000
TMR1IF                            00000000
TMR1L                             0000000E
TMR1ON                            00000000
TMR2                              00000011
TMR2IE                            00000001
TMR2IF                            00000001
TMR2ON                            00000002
TOUTPS0                           00000003
TOUTPS1                           00000004
TOUTPS2                           00000005
TOUTPS3                           00000006
TRISA                             00000085
TRISA0                            00000000
MPASM  5.51                          PROY.ASM   12-27-2015  23:48:41         PAGE 13


SYMBOL TABLE
  LABEL                             VALUE 

TRISA1                            00000001
TRISA2                            00000002
TRISA3                            00000003
TRISA4                            00000004
TRISA5                            00000005
TRISA6                            00000006
TRISA7                            00000007
TRISB                             00000086
TRISB0                            00000000
TRISB1                            00000001
TRISB2                            00000002
TRISB3                            00000003
TRISB4                            00000004
TRISB5                            00000005
TRISB6                            00000006
TRISB7                            00000007
TRISC                             00000087
TRISC0                            00000000
TRISC1                            00000001
TRISC2                            00000002
TRISC3                            00000003
TRISC4                            00000004
TRISC5                            00000005
TRISC6                            00000006
TRISC7                            00000007
TRISD                             00000088
TRISD0                            00000000
TRISD1                            00000001
TRISD2                            00000002
TRISD3                            00000003
TRISD4                            00000004
TRISD5                            00000005
TRISD6                            00000006
TRISD7                            00000007
TRISE                             00000089
TRISE0                            00000000
TRISE1                            00000001
TRISE2                            00000002
TRISE3                            00000003
TRMT                              00000001
TUN0                              00000000
TUN1                              00000001
TUN2                              00000002
TUN3                              00000003
TUN4                              00000004
TX8_9                             00000006
TX9                               00000006
TX9D                              00000000
TXD8                              00000000
TXEN                              00000005
TXIE                              00000004
TXIF                              00000004
TXREG                             00000019
MPASM  5.51                          PROY.ASM   12-27-2015  23:48:41         PAGE 14


SYMBOL TABLE
  LABEL                             VALUE 

TXSTA                             00000098
UA                                00000001
ULPWUE                            00000005
ULPWUIE                           00000002
ULPWUIF                           00000002
VCFG0                             00000004
VCFG1                             00000005
VR0                               00000000
VR1                               00000001
VR2                               00000002
VR3                               00000003
VRCON                             00000097
VREN                              00000007
VROE                              00000006
VRR                               00000005
VRSS                              00000004
W                                 00000000
WCOL                              00000007
WDTCON                            00000105
WDTPS0                            00000001
WDTPS1                            00000002
WDTPS2                            00000003
WDTPS3                            00000004
WPUB                              00000095
WPUB0                             00000000
WPUB1                             00000001
WPUB2                             00000002
WPUB3                             00000003
WPUB4                             00000004
WPUB5                             00000005
WPUB6                             00000006
WPUB7                             00000007
WR                                00000001
WREN                              00000002
WRERR                             00000003
WUE                               00000001
Z                                 00000002
_BOR21V                           00003EFF
_BOR40V                           00003FFF
_BOR4V_BOR21V                     00003EFF
_BOR4V_BOR40V                     00003FFF
_BOREN_NSLEEP                     00003EFF
_BOREN_OFF                        00003CFF
_BOREN_ON                         00003FFF
_BOREN_SBODEN                     00003DFF
_BOR_NSLEEP                       00003EFF
_BOR_OFF                          00003CFF
_BOR_ON                           00003FFF
_BOR_SBODEN                       00003DFF
_CONFIG1                          00002007
_CONFIG2                          00002008
_CPD_OFF                          00003FFF
_CPD_ON                           00003F7F
MPASM  5.51                          PROY.ASM   12-27-2015  23:48:41         PAGE 15


SYMBOL TABLE
  LABEL                             VALUE 

_CP_OFF                           00003FFF
_CP_ON                            00003FBF
_DEBUG_OFF                        00003FFF
_DEBUG_ON                         00001FFF
_DEVID1                           00002006
_EC_OSC                           00003FFB
_EXTRC                            00003FFF
_EXTRCIO                          00003FFE
_EXTRC_OSC_CLKOUT                 00003FFF
_EXTRC_OSC_NOCLKOUT               00003FFE
_FCMEN_OFF                        000037FF
_FCMEN_ON                         00003FFF
_FOSC_EC                          00003FFB
_FOSC_EXTRC_CLKOUT                00003FFF
_FOSC_EXTRC_NOCLKOUT              00003FFE
_FOSC_HS                          00003FFA
_FOSC_INTRC_CLKOUT                00003FFD
_FOSC_INTRC_NOCLKOUT              00003FFC
_FOSC_LP                          00003FF8
_FOSC_XT                          00003FF9
_HS_OSC                           00003FFA
_IDLOC0                           00002000
_IDLOC1                           00002001
_IDLOC2                           00002002
_IDLOC3                           00002003
_IESO_OFF                         00003BFF
_IESO_ON                          00003FFF
_INTOSC                           00003FFD
_INTOSCIO                         00003FFC
_INTRC_OSC_CLKOUT                 00003FFD
_INTRC_OSC_NOCLKOUT               00003FFC
_LP_OSC                           00003FF8
_LVP_OFF                          00002FFF
_LVP_ON                           00003FFF
_MCLRE_OFF                        00003FDF
_MCLRE_ON                         00003FFF
_PWRTE_OFF                        00003FFF
_PWRTE_ON                         00003FEF
_WDTE_OFF                         00003FF7
_WDTE_ON                          00003FFF
_WDT_OFF                          00003FF7
_WDT_ON                           00003FFF
_WRT_1FOURTH                      00003BFF
_WRT_256                          00003DFF
_WRT_HALF                         000039FF
_WRT_OFF                          00003FFF
_XT_OSC                           00003FF9
__16F887                          00000001
binario_a_s_segmentos             0000002F
cont                              00000081
counter1                          00000020
counter2                          00000021
counter3                          00000022
MPASM  5.51                          PROY.ASM   12-27-2015  23:48:41         PAGE 16


SYMBOL TABLE
  LABEL                             VALUE 

dec                               00000070
dec_cod                           00000027
decenas                           00000026
dig1                              0000005D
dig2                              00000067
encripta_x_16                     00000040
encripta_x_2                      00000052
encripta_x_4                      0000004A
externo                           00000074
inter                             00000058
loop                              0000002D
main                              00000005
num_msj                           00000023
sel                               00000028
uni_cod                           00000025
unidades                          00000024


MEMORY USAGE MAP ('X' = Used,  '-' = Unused)

0000 : X---XXXXXXXXXXXX XXXXXXXXXXXXXXXX XXXXXXXXXXXXXXXX XXXXXXXXXXXXXXXX
0040 : XXXXXXXXXXXXXXXX XXXXXXXXXXXXXXXX XXXXXXXXXXXXXXXX XXXXXXXXXXXXXXXX
0080 : XXX------------- ---------------- ---------------- ----------------
2000 : -------X-------- ---------------- ---------------- ----------------

All other memory blocks unused.

Program Memory Words Used:   128
Program Memory Words Free:  8064


Errors   :     0
Warnings :     2 reported,     0 suppressed
Messages :     2 reported,     8 suppressed

